"QUERY PLAN"
"Limit  (cost=5809.18..5809.18 rows=1 width=62) (actual time=68.935..72.972 rows=1 loops=1)"
"  ->  Sort  (cost=5809.18..5809.28 rows=41 width=62) (actual time=68.935..72.970 rows=1 loops=1)"
"        Sort Key: (count(bomb_damage_assessment)) DESC"
"        Sort Method: top-N heapsort  Memory: 25kB"
"        ->  Finalize GroupAggregate  (cost=5803.92..5808.98 rows=41 width=62) (actual time=68.903..72.963 rows=21 loops=1)"
"              Group Key: target_country, bomb_damage_assessment"
"              ->  Gather Merge  (cost=5803.92..5808.23 rows=34 width=62) (actual time=68.892..72.945 rows=21 loops=1)"
"                    Workers Planned: 2"
"                    Workers Launched: 2"
"                    ->  Partial GroupAggregate  (cost=4803.89..4804.28 rows=17 width=62) (actual time=23.483..23.489 rows=7 loops=3)"
"                          Group Key: target_country, bomb_damage_assessment"
"                          ->  Sort  (cost=4803.89..4803.94 rows=17 width=46) (actual time=23.475..23.477 rows=11 loops=3)"
"                                Sort Key: target_country, bomb_damage_assessment"
"                                Sort Method: quicksort  Memory: 26kB"
"                                Worker 0:  Sort Method: quicksort  Memory: 25kB"
"                                Worker 1:  Sort Method: quicksort  Memory: 25kB"
"                                ->  Parallel Seq Scan on mission  (cost=0.00..4803.55 rows=17 width=46) (actual time=16.096..23.221 rows=11 loops=3)"
"                                      Filter: ((bomb_damage_assessment IS NOT NULL) AND (airborne_aircraft > '5'::numeric))"
"                                      Rows Removed by Filter: 59416"
"Planning Time: 0.157 ms"
"Execution Time: 73.032 ms"
