"QUERY PLAN"
"Limit  (cost=2161.95..2161.95 rows=1 width=22) (actual time=13.277..13.279 rows=1 loops=1)"
"  ->  Sort  (cost=2161.95..2164.13 rows=871 width=22) (actual time=13.276..13.277 rows=1 loops=1)"
"        Sort Key: (count(*)) DESC"
"        Sort Method: top-N heapsort  Memory: 25kB"
"        ->  HashAggregate  (cost=2148.89..2157.60 rows=871 width=22) (actual time=12.649..12.979 rows=1967 loops=1)"
"              Group Key: air_force, target_city"
"              Batches: 1  Memory Usage: 369kB"
"              ->  Bitmap Heap Scan on mission  (cost=19.33..2142.20 rows=891 width=14) (actual time=1.930..4.812 rows=23214 loops=1)"
"                    Recheck Cond: (EXTRACT(year FROM mission_date) = '1943'::numeric)"
"                    Heap Blocks: exact=949"
"                    ->  Bitmap Index Scan on idx_air_force  (cost=0.00..19.10 rows=891 width=0) (actual time=1.786..1.786 rows=23214 loops=1)"
"                          Index Cond: (EXTRACT(year FROM mission_date) = '1943'::numeric)"
"Planning Time: 1.464 ms"
"Execution Time: 13.406 ms"
