"QUERY PLAN"
"Limit  (cost=5809.18..5809.18 rows=1 width=62) (actual time=78.912..84.730 rows=1 loops=1)"
"  ->  Sort  (cost=5809.18..5809.28 rows=41 width=62) (actual time=78.911..84.728 rows=1 loops=1)"
"        Sort Key: (count(bomb_damage_assessment)) DESC"
"        Sort Method: top-N heapsort  Memory: 25kB"
"        ->  Finalize GroupAggregate  (cost=5803.92..5808.98 rows=41 width=62) (actual time=78.852..84.718 rows=21 loops=1)"
"              Group Key: target_country, bomb_damage_assessment"
"              ->  Gather Merge  (cost=5803.92..5808.23 rows=34 width=62) (actual time=78.845..84.695 rows=21 loops=1)"
"                    Workers Planned: 2"
"                    Workers Launched: 2"
"                    ->  Partial GroupAggregate  (cost=4803.89..4804.28 rows=17 width=62) (actual time=28.977..28.988 rows=7 loops=3)"
"                          Group Key: target_country, bomb_damage_assessment"
"                          ->  Sort  (cost=4803.89..4803.94 rows=17 width=46) (actual time=28.971..28.972 rows=11 loops=3)"
"                                Sort Key: target_country, bomb_damage_assessment"
"                                Sort Method: quicksort  Memory: 26kB"
"                                Worker 0:  Sort Method: quicksort  Memory: 25kB"
"                                Worker 1:  Sort Method: quicksort  Memory: 25kB"
"                                ->  Parallel Seq Scan on mission  (cost=0.00..4803.55 rows=17 width=46) (actual time=20.611..28.726 rows=11 loops=3)"
"                                      Filter: ((bomb_damage_assessment IS NOT NULL) AND (airborne_aircraft > '5'::numeric))"
"                                      Rows Removed by Filter: 59416"
"Planning Time: 0.217 ms"
"Execution Time: 84.776 ms"
