"QUERY PLAN"
"Limit  (cost=2173.53..2173.53 rows=1 width=22) (actual time=14.779..14.781 rows=1 loops=1)"
"  ->  Sort  (cost=2173.53..2175.71 rows=871 width=22) (actual time=14.778..14.779 rows=1 loops=1)"
"        Sort Key: (count(*)) DESC"
"        Sort Method: top-N heapsort  Memory: 25kB"
"        ->  HashAggregate  (cost=2160.47..2169.18 rows=871 width=22) (actual time=14.055..14.452 rows=1967 loops=1)"
"              Group Key: air_force, target_city"
"              Batches: 1  Memory Usage: 369kB"
"              ->  Bitmap Heap Scan on mission  (cost=30.91..2153.78 rows=891 width=14) (actual time=1.012..6.908 rows=23214 loops=1)"
"                    Recheck Cond: (EXTRACT(year FROM mission_date) = '1943'::numeric)"
"                    Heap Blocks: exact=949"
"                    ->  Bitmap Index Scan on idx_mission_date  (cost=0.00..30.68 rows=891 width=0) (actual time=0.848..0.848 rows=23214 loops=1)"
"                          Index Cond: (EXTRACT(year FROM mission_date) = '1943'::numeric)"
"Planning Time: 1.509 ms"
"Execution Time: 14.925 ms"
