"QUERY PLAN"
"Limit  (cost=473.68..473.68 rows=1 width=62) (actual time=0.188..0.189 rows=1 loops=1)"
"  ->  Sort  (cost=473.68..473.78 rows=41 width=62) (actual time=0.187..0.188 rows=1 loops=1)"
"        Sort Key: (count(bomb_damage_assessment)) DESC"
"        Sort Method: top-N heapsort  Memory: 25kB"
"        ->  GroupAggregate  (cost=472.55..473.47 rows=41 width=62) (actual time=0.164..0.176 rows=21 loops=1)"
"              Group Key: target_country, bomb_damage_assessment"
"              ->  Sort  (cost=472.55..472.65 rows=41 width=46) (actual time=0.160..0.161 rows=32 loops=1)"
"                    Sort Key: target_country, bomb_damage_assessment"
"                    Sort Method: quicksort  Memory: 26kB"
"                    ->  Bitmap Heap Scan on mission  (cost=5.33..471.45 rows=41 width=46) (actual time=0.048..0.111 rows=32 loops=1)"
"                          Recheck Cond: (bomb_damage_assessment IS NOT NULL)"
"                          Filter: (airborne_aircraft > '5'::numeric)"
"                          Rows Removed by Filter: 72"
"                          Heap Blocks: exact=53"
"                          ->  Bitmap Index Scan on idx_bomb_damage_assessment  (cost=0.00..5.32 rows=137 width=0) (actual time=0.026..0.026 rows=104 loops=1)"
"                                Index Cond: (bomb_damage_assessment IS NOT NULL)"
"Planning Time: 1.490 ms"
"Execution Time: 0.223 ms"
