"QUERY PLAN"
"Limit  (cost=6124.50..6124.50 rows=1 width=22) (actual time=130.014..130.103 rows=1 loops=1)"
"  ->  Sort  (cost=6124.50..6126.69 rows=877 width=22) (actual time=130.011..130.099 rows=1 loops=1)"
"        Sort Key: (count(*)) DESC"
"        Sort Method: top-N heapsort  Memory: 25kB"
"        ->  Finalize GroupAggregate  (cost=6011.92..6120.12 rows=877 width=22) (actual time=118.909..129.514 rows=1967 loops=1)"
"              Group Key: air_force, target_city"
"              ->  Gather Merge  (cost=6011.92..6105.74 rows=748 width=22) (actual time=118.895..127.991 rows=2705 loops=1)"
"                    Workers Planned: 2"
"                    Workers Launched: 2"
"                    ->  Partial GroupAggregate  (cost=5011.90..5019.38 rows=374 width=22) (actual time=50.184..52.905 rows=902 loops=3)"
"                          Group Key: air_force, target_city"
"                          ->  Sort  (cost=5011.90..5012.83 rows=374 width=14) (actual time=50.169..50.781 rows=7738 loops=3)"
"                                Sort Key: air_force, target_city"
"                                Sort Method: quicksort  Memory: 859kB"
"                                Worker 0:  Sort Method: quicksort  Memory: 367kB"
"                                Worker 1:  Sort Method: quicksort  Memory: 189kB"
"                                ->  Parallel Seq Scan on mission  (cost=0.00..4995.91 rows=374 width=14) (actual time=0.060..27.776 rows=7738 loops=3)"
"                                      Filter: (EXTRACT(year FROM mission_date) = '1943'::numeric)"
"                                      Rows Removed by Filter: 51689"
"Planning Time: 0.156 ms"
"Execution Time: 130.573 ms"
